2021-12-30 20:14:15,054:INFO:PyCaret Supervised Module
2021-12-30 20:14:15,054:INFO:ML Usecase: regression
2021-12-30 20:14:15,054:INFO:version 2.3.5
2021-12-30 20:14:15,054:INFO:Initializing setup()
2021-12-30 20:14:15,055:INFO:setup(target=medv, ml_usecase=regression, available_plots={'parameter': 'Hyperparameters', 'residuals': 'Residuals', 'error': 'Prediction Error', 'cooks': 'Cooks Distance', 'rfe': 'Feature Selection', 'learning': 'Learning Curve', 'manifold': 'Manifold Learning', 'vc': 'Validation Curve', 'feature': 'Feature Importance', 'feature_all': 'Feature Importance (All)', 'tree': 'Decision Tree', 'residuals_interactive': 'Interactive Residuals'}, train_size=0.7, test_data=None, preprocess=True, imputation_type=simple, iterative_imputation_iters=5, categorical_features=None, categorical_imputation=constant, categorical_iterative_imputer=lightgbm, ordinal_features=None, high_cardinality_features=None, high_cardinality_method=frequency, numeric_features=None, numeric_imputation=mean, numeric_iterative_imputer=lightgbm, date_features=None, ignore_features=None, normalize=False, normalize_method=zscore, transformation=False, transformation_method=yeo-johnson, handle_unknown_categorical=True, unknown_categorical_method=least_frequent, pca=False, pca_method=linear, pca_components=None, ignore_low_variance=False, combine_rare_levels=False, rare_level_threshold=0.1, bin_numeric_features=None, remove_outliers=False, outliers_threshold=0.05, remove_multicollinearity=False, multicollinearity_threshold=0.9, remove_perfect_collinearity=True, create_clusters=False, cluster_iter=20, polynomial_features=False, polynomial_degree=2, trigonometry_features=False, polynomial_threshold=0.1, group_features=None, group_names=None, feature_selection=False, feature_selection_threshold=0.8, feature_selection_method=classic, feature_interaction=False, feature_ratio=False, interaction_threshold=0.01, fix_imbalance=False, fix_imbalance_method=None, transform_target=False, transform_target_method=box-cox, data_split_shuffle=True, data_split_stratify=False, fold_strategy=kfold, fold=10, fold_shuffle=False, fold_groups=None, n_jobs=-1, use_gpu=False, custom_pipeline=None, html=True, session_id=123, log_experiment=False, experiment_name=None, log_plots=False, log_profile=False, log_data=False, silent=False, verbose=True, profile=False, profile_kwargs=None, display=None)
2021-12-30 20:14:15,055:INFO:Checking environment
2021-12-30 20:14:15,055:INFO:python_version: 3.8.12
2021-12-30 20:14:15,055:INFO:python_build: ('default', 'Oct 12 2021 03:01:40')
2021-12-30 20:14:15,055:INFO:machine: AMD64
2021-12-30 20:14:15,060:INFO:platform: Windows-10-10.0.19044-SP0
2021-12-30 20:14:15,060:INFO:Memory: svmem(total=8493473792, available=2027089920, percent=76.1, used=6466383872, free=2027089920)
2021-12-30 20:14:15,060:INFO:Physical Core: 2
2021-12-30 20:14:15,061:INFO:Logical Core: 4
2021-12-30 20:14:15,061:INFO:Checking libraries
2021-12-30 20:14:15,061:INFO:pd==1.3.4
2021-12-30 20:14:15,061:INFO:numpy==1.19.5
2021-12-30 20:14:15,061:INFO:sklearn==0.23.2
2021-12-30 20:14:15,062:INFO:lightgbm==3.3.1
2021-12-30 20:14:15,064:WARNING:catboost not found
2021-12-30 20:14:15,065:WARNING:xgboost not found
2021-12-30 20:14:16,113:INFO:mlflow==1.22.0
2021-12-30 20:14:16,113:INFO:Checking Exceptions
2021-12-30 20:14:16,113:INFO:Declaring global variables
2021-12-30 20:14:16,114:INFO:USI: bb01
2021-12-30 20:14:16,114:INFO:pycaret_globals: {'pycaret_globals', 'fold_groups_param_full', 'target_param', '_available_plots', 'stratify_param', 'X_test', 'fold_groups_param', 'y', '_gpu_n_jobs_param', 'y_test', 'create_model_container', 'fix_imbalance_method_param', 'gpu_param', '_all_metrics', 'fold_param', 'experiment__', 'prep_pipe', 'USI', 'imputation_regressor', '_all_models_internal', '_ml_usecase', 'fold_shuffle_param', 'transform_target_param', 'master_model_container', 'n_jobs_param', '_internal_pipeline', 'logging_param', 'html_param', 'fold_generator', 'display_container', 'log_plots_param', 'iterative_imputation_iters_param', 'imputation_classifier', 'transform_target_method_param', 'X_train', 'data_before_preprocess', '_all_models', 'X', 'fix_imbalance_param', 'y_train', 'seed', 'exp_name_log'}
2021-12-30 20:14:16,114:INFO:Preparing display monitor
2021-12-30 20:14:16,114:INFO:Preparing display monitor
2021-12-30 20:14:16,141:INFO:Importing libraries
2021-12-30 20:14:16,141:INFO:Copying data for preprocessing
2021-12-30 20:14:16,158:INFO:Declaring preprocessing parameters
2021-12-30 20:14:16,167:INFO:Creating preprocessing pipeline
2021-12-30 20:14:16,212:INFO:Preprocessing pipeline created successfully
2021-12-30 20:14:16,213:ERROR:(Process Exit): setup has been interupted with user command 'quit'. setup must rerun.
2021-12-30 20:14:16,213:INFO:Creating global containers
2021-12-30 20:14:16,216:INFO:Internal pipeline: Pipeline(memory=None, steps=[('empty_step', 'passthrough')], verbose=False)
2021-12-30 20:14:40,990:WARNING:Couldn't import xgboost.XGBRegressor
2021-12-30 20:14:40,992:WARNING:Couldn't import catboost.CatBoostRegressor
2021-12-30 20:14:41,185:WARNING:Couldn't import xgboost.XGBRegressor
2021-12-30 20:14:41,187:WARNING:Couldn't import catboost.CatBoostRegressor
2021-12-30 20:14:41,187:INFO:Creating grid variables
2021-12-30 20:14:41,218:INFO:create_model_container: 0
2021-12-30 20:14:41,219:INFO:master_model_container: 0
2021-12-30 20:14:41,219:INFO:display_container: 1
2021-12-30 20:14:41,236:INFO:Pipeline(memory=None,
         steps=[('dtypes',
                 DataTypes_Auto_infer(categorical_features=[],
                                      display_types=True, features_todrop=[],
                                      id_columns=[], ml_usecase='regression',
                                      numerical_features=[], target='medv',
                                      time_features=[])),
                ('imputer',
                 Simple_Imputer(categorical_strategy='not_available',
                                fill_value_categorical=None,
                                fill_value_numerical=None,
                                numeric_strategy='m...
                ('scaling', 'passthrough'), ('P_transform', 'passthrough'),
                ('binn', 'passthrough'), ('rem_outliers', 'passthrough'),
                ('cluster_all', 'passthrough'),
                ('dummy', Dummify(target='medv')),
                ('fix_perfect', Remove_100(target='medv')),
                ('clean_names', Clean_Colum_Names()),
                ('feature_select', 'passthrough'), ('fix_multi', 'passthrough'),
                ('dfs', 'passthrough'), ('pca', 'passthrough')],
         verbose=False)
2021-12-30 20:14:41,237:INFO:setup() succesfully completed......................................
2021-12-30 20:15:43,363:INFO:Initializing compare_models()
2021-12-30 20:15:43,363:INFO:compare_models(include=None, fold=None, round=4, cross_validation=True, sort=R2, n_select=1, budget_time=None, turbo=True, errors=ignore, fit_kwargs=None, groups=None, probability_threshold=None, verbose=True, display=None, exclude=None)
2021-12-30 20:15:43,363:INFO:Checking exceptions
2021-12-30 20:15:43,364:INFO:Preparing display monitor
2021-12-30 20:15:43,364:INFO:Preparing display monitor
2021-12-30 20:15:43,424:INFO:Initializing Linear Regression
2021-12-30 20:15:43,424:INFO:Total runtime is 0.0 minutes
2021-12-30 20:15:43,451:INFO:SubProcess create_model() called ==================================
2021-12-30 20:15:43,452:INFO:Initializing create_model()
2021-12-30 20:15:43,452:INFO:create_model(estimator=lr, fold=KFold(n_splits=10, random_state=None, shuffle=False), round=4, cross_validation=True, predict=True, fit_kwargs={}, groups=None, refit=False, verbose=False, system=False, metrics=None, add_to_model_list=True, probability_threshold=None, display=<pycaret.internal.Display.Display object at 0x000001AEDCB49B80>, kwargs={})
2021-12-30 20:15:43,452:INFO:Checking exceptions
2021-12-30 20:15:43,453:INFO:Importing libraries
2021-12-30 20:15:43,453:INFO:Copying training dataset
2021-12-30 20:15:43,456:INFO:Defining folds
2021-12-30 20:15:43,456:INFO:Declaring metric variables
2021-12-30 20:15:43,478:INFO:Importing untrained model
2021-12-30 20:15:43,497:INFO:Linear Regression Imported succesfully
2021-12-30 20:15:43,541:INFO:Starting cross validation
2021-12-30 20:15:43,557:INFO:Cross validating with KFold(n_splits=10, random_state=None, shuffle=False), n_jobs=-1
2021-12-30 20:15:55,031:INFO:Calculating mean and std
2021-12-30 20:15:55,032:INFO:Creating metrics dataframe
2021-12-30 20:15:55,041:INFO:Uploading results into container
2021-12-30 20:15:55,041:INFO:Uploading model into container now
2021-12-30 20:15:55,041:INFO:create_model_container: 1
2021-12-30 20:15:55,041:INFO:master_model_container: 1
2021-12-30 20:15:55,042:INFO:display_container: 2
2021-12-30 20:15:55,042:INFO:LinearRegression(copy_X=True, fit_intercept=True, n_jobs=-1, normalize=False)
2021-12-30 20:15:55,042:INFO:create_model() succesfully completed......................................
2021-12-30 20:15:55,207:INFO:SubProcess create_model() end ==================================
2021-12-30 20:15:55,207:INFO:Creating metrics dataframe
2021-12-30 20:15:55,228:INFO:Initializing Lasso Regression
2021-12-30 20:15:55,229:INFO:Total runtime is 0.19675275087356567 minutes
2021-12-30 20:15:55,245:INFO:SubProcess create_model() called ==================================
2021-12-30 20:15:55,246:INFO:Initializing create_model()
2021-12-30 20:15:55,246:INFO:create_model(estimator=lasso, fold=KFold(n_splits=10, random_state=None, shuffle=False), round=4, cross_validation=True, predict=True, fit_kwargs={}, groups=None, refit=False, verbose=False, system=False, metrics=None, add_to_model_list=True, probability_threshold=None, display=<pycaret.internal.Display.Display object at 0x000001AEDCB49B80>, kwargs={})
2021-12-30 20:15:55,247:INFO:Checking exceptions
2021-12-30 20:15:55,247:INFO:Importing libraries
2021-12-30 20:15:55,247:INFO:Copying training dataset
2021-12-30 20:15:55,250:INFO:Defining folds
2021-12-30 20:15:55,250:INFO:Declaring metric variables
2021-12-30 20:15:55,276:INFO:Importing untrained model
2021-12-30 20:15:55,298:INFO:Lasso Regression Imported succesfully
2021-12-30 20:15:55,335:INFO:Starting cross validation
2021-12-30 20:15:55,335:INFO:Cross validating with KFold(n_splits=10, random_state=None, shuffle=False), n_jobs=-1
2021-12-30 20:15:55,454:INFO:Calculating mean and std
2021-12-30 20:15:55,455:INFO:Creating metrics dataframe
2021-12-30 20:15:55,464:INFO:Uploading results into container
2021-12-30 20:15:55,465:INFO:Uploading model into container now
2021-12-30 20:15:55,465:INFO:create_model_container: 2
2021-12-30 20:15:55,465:INFO:master_model_container: 2
2021-12-30 20:15:55,465:INFO:display_container: 2
2021-12-30 20:15:55,466:INFO:Lasso(alpha=1.0, copy_X=True, fit_intercept=True, max_iter=1000,
      normalize=False, positive=False, precompute=False, random_state=123,
      selection='cyclic', tol=0.0001, warm_start=False)
2021-12-30 20:15:55,467:INFO:create_model() succesfully completed......................................
2021-12-30 20:15:55,615:INFO:SubProcess create_model() end ==================================
2021-12-30 20:15:55,615:INFO:Creating metrics dataframe
2021-12-30 20:15:55,638:INFO:Initializing Ridge Regression
2021-12-30 20:15:55,638:INFO:Total runtime is 0.203565514087677 minutes
2021-12-30 20:15:55,653:INFO:SubProcess create_model() called ==================================
2021-12-30 20:15:55,654:INFO:Initializing create_model()
2021-12-30 20:15:55,655:INFO:create_model(estimator=ridge, fold=KFold(n_splits=10, random_state=None, shuffle=False), round=4, cross_validation=True, predict=True, fit_kwargs={}, groups=None, refit=False, verbose=False, system=False, metrics=None, add_to_model_list=True, probability_threshold=None, display=<pycaret.internal.Display.Display object at 0x000001AEDCB49B80>, kwargs={})
2021-12-30 20:15:55,655:INFO:Checking exceptions
2021-12-30 20:15:55,657:INFO:Importing libraries
2021-12-30 20:15:55,659:INFO:Copying training dataset
2021-12-30 20:15:55,662:INFO:Defining folds
2021-12-30 20:15:55,662:INFO:Declaring metric variables
2021-12-30 20:15:55,683:INFO:Importing untrained model
2021-12-30 20:15:55,702:INFO:Ridge Regression Imported succesfully
2021-12-30 20:15:55,738:INFO:Starting cross validation
2021-12-30 20:15:55,739:INFO:Cross validating with KFold(n_splits=10, random_state=None, shuffle=False), n_jobs=-1
2021-12-30 20:15:55,862:INFO:Calculating mean and std
2021-12-30 20:15:55,863:INFO:Creating metrics dataframe
2021-12-30 20:15:55,870:INFO:Uploading results into container
2021-12-30 20:15:55,870:INFO:Uploading model into container now
2021-12-30 20:15:55,870:INFO:create_model_container: 3
2021-12-30 20:15:55,871:INFO:master_model_container: 3
2021-12-30 20:15:55,871:INFO:display_container: 2
2021-12-30 20:15:55,872:INFO:Ridge(alpha=1.0, copy_X=True, fit_intercept=True, max_iter=None,
      normalize=False, random_state=123, solver='auto', tol=0.001)
2021-12-30 20:15:55,872:INFO:create_model() succesfully completed......................................
2021-12-30 20:15:56,012:INFO:SubProcess create_model() end ==================================
2021-12-30 20:15:56,012:INFO:Creating metrics dataframe
2021-12-30 20:15:56,032:INFO:Initializing Elastic Net
2021-12-30 20:15:56,033:INFO:Total runtime is 0.21016430854797363 minutes
2021-12-30 20:15:56,044:INFO:SubProcess create_model() called ==================================
2021-12-30 20:15:56,045:INFO:Initializing create_model()
2021-12-30 20:15:56,045:INFO:create_model(estimator=en, fold=KFold(n_splits=10, random_state=None, shuffle=False), round=4, cross_validation=True, predict=True, fit_kwargs={}, groups=None, refit=False, verbose=False, system=False, metrics=None, add_to_model_list=True, probability_threshold=None, display=<pycaret.internal.Display.Display object at 0x000001AEDCB49B80>, kwargs={})
2021-12-30 20:15:56,045:INFO:Checking exceptions
2021-12-30 20:15:56,045:INFO:Importing libraries
2021-12-30 20:15:56,046:INFO:Copying training dataset
2021-12-30 20:15:56,047:INFO:Defining folds
2021-12-30 20:15:56,048:INFO:Declaring metric variables
2021-12-30 20:15:56,067:INFO:Importing untrained model
2021-12-30 20:15:56,089:INFO:Elastic Net Imported succesfully
2021-12-30 20:15:56,121:INFO:Starting cross validation
2021-12-30 20:15:56,122:INFO:Cross validating with KFold(n_splits=10, random_state=None, shuffle=False), n_jobs=-1
2021-12-30 20:15:56,270:INFO:Calculating mean and std
2021-12-30 20:15:56,272:INFO:Creating metrics dataframe
2021-12-30 20:15:56,278:INFO:Uploading results into container
2021-12-30 20:15:56,278:INFO:Uploading model into container now
2021-12-30 20:15:56,278:INFO:create_model_container: 4
2021-12-30 20:15:56,278:INFO:master_model_container: 4
2021-12-30 20:15:56,278:INFO:display_container: 2
2021-12-30 20:15:56,279:INFO:ElasticNet(alpha=1.0, copy_X=True, fit_intercept=True, l1_ratio=0.5,
           max_iter=1000, normalize=False, positive=False, precompute=False,
           random_state=123, selection='cyclic', tol=0.0001, warm_start=False)
2021-12-30 20:15:56,280:INFO:create_model() succesfully completed......................................
2021-12-30 20:15:56,414:INFO:SubProcess create_model() end ==================================
2021-12-30 20:15:56,414:INFO:Creating metrics dataframe
2021-12-30 20:15:56,433:INFO:Initializing Least Angle Regression
2021-12-30 20:15:56,434:INFO:Total runtime is 0.21684135595957438 minutes
2021-12-30 20:15:56,448:INFO:SubProcess create_model() called ==================================
2021-12-30 20:15:56,450:INFO:Initializing create_model()
2021-12-30 20:15:56,450:INFO:create_model(estimator=lar, fold=KFold(n_splits=10, random_state=None, shuffle=False), round=4, cross_validation=True, predict=True, fit_kwargs={}, groups=None, refit=False, verbose=False, system=False, metrics=None, add_to_model_list=True, probability_threshold=None, display=<pycaret.internal.Display.Display object at 0x000001AEDCB49B80>, kwargs={})
2021-12-30 20:15:56,450:INFO:Checking exceptions
2021-12-30 20:15:56,450:INFO:Importing libraries
2021-12-30 20:15:56,451:INFO:Copying training dataset
2021-12-30 20:15:56,453:INFO:Defining folds
2021-12-30 20:15:56,454:INFO:Declaring metric variables
2021-12-30 20:15:56,478:INFO:Importing untrained model
2021-12-30 20:15:56,495:INFO:Least Angle Regression Imported succesfully
2021-12-30 20:15:56,533:INFO:Starting cross validation
2021-12-30 20:15:56,534:INFO:Cross validating with KFold(n_splits=10, random_state=None, shuffle=False), n_jobs=-1
2021-12-30 20:15:56,715:INFO:Calculating mean and std
2021-12-30 20:15:56,719:INFO:Creating metrics dataframe
2021-12-30 20:15:56,730:INFO:Uploading results into container
2021-12-30 20:15:56,731:INFO:Uploading model into container now
2021-12-30 20:15:56,731:INFO:create_model_container: 5
2021-12-30 20:15:56,731:INFO:master_model_container: 5
2021-12-30 20:15:56,731:INFO:display_container: 2
2021-12-30 20:15:56,732:INFO:Lars(copy_X=True, eps=2.220446049250313e-16, fit_intercept=True, fit_path=True,
     jitter=None, n_nonzero_coefs=500, normalize=True, precompute='auto',
     random_state=123, verbose=False)
2021-12-30 20:15:56,732:INFO:create_model() succesfully completed......................................
2021-12-30 20:15:56,920:INFO:SubProcess create_model() end ==================================
2021-12-30 20:15:56,920:INFO:Creating metrics dataframe
2021-12-30 20:15:56,942:INFO:Initializing Lasso Least Angle Regression
2021-12-30 20:15:56,942:INFO:Total runtime is 0.22529889742533366 minutes
2021-12-30 20:15:56,956:INFO:SubProcess create_model() called ==================================
2021-12-30 20:15:56,957:INFO:Initializing create_model()
2021-12-30 20:15:56,957:INFO:create_model(estimator=llar, fold=KFold(n_splits=10, random_state=None, shuffle=False), round=4, cross_validation=True, predict=True, fit_kwargs={}, groups=None, refit=False, verbose=False, system=False, metrics=None, add_to_model_list=True, probability_threshold=None, display=<pycaret.internal.Display.Display object at 0x000001AEDCB49B80>, kwargs={})
2021-12-30 20:15:56,957:INFO:Checking exceptions
2021-12-30 20:15:56,958:INFO:Importing libraries
2021-12-30 20:15:56,958:INFO:Copying training dataset
2021-12-30 20:15:56,961:INFO:Defining folds
2021-12-30 20:15:56,961:INFO:Declaring metric variables
2021-12-30 20:15:56,981:INFO:Importing untrained model
2021-12-30 20:15:57,003:INFO:Lasso Least Angle Regression Imported succesfully
2021-12-30 20:15:57,054:INFO:Starting cross validation
2021-12-30 20:15:57,056:INFO:Cross validating with KFold(n_splits=10, random_state=None, shuffle=False), n_jobs=-1
2021-12-30 20:15:57,196:INFO:Calculating mean and std
2021-12-30 20:15:57,198:INFO:Creating metrics dataframe
2021-12-30 20:15:57,206:INFO:Uploading results into container
2021-12-30 20:15:57,206:INFO:Uploading model into container now
2021-12-30 20:15:57,206:INFO:create_model_container: 6
2021-12-30 20:15:57,207:INFO:master_model_container: 6
2021-12-30 20:15:57,207:INFO:display_container: 2
2021-12-30 20:15:57,207:INFO:LassoLars(alpha=1.0, copy_X=True, eps=2.220446049250313e-16, fit_intercept=True,
          fit_path=True, jitter=None, max_iter=500, normalize=True,
          positive=False, precompute='auto', random_state=123, verbose=False)
2021-12-30 20:15:57,207:INFO:create_model() succesfully completed......................................
2021-12-30 20:15:57,345:INFO:SubProcess create_model() end ==================================
2021-12-30 20:15:57,345:INFO:Creating metrics dataframe
2021-12-30 20:15:57,370:INFO:Initializing Orthogonal Matching Pursuit
2021-12-30 20:15:57,370:INFO:Total runtime is 0.2324476917584737 minutes
2021-12-30 20:15:57,387:INFO:SubProcess create_model() called ==================================
2021-12-30 20:15:57,388:INFO:Initializing create_model()
2021-12-30 20:15:57,389:INFO:create_model(estimator=omp, fold=KFold(n_splits=10, random_state=None, shuffle=False), round=4, cross_validation=True, predict=True, fit_kwargs={}, groups=None, refit=False, verbose=False, system=False, metrics=None, add_to_model_list=True, probability_threshold=None, display=<pycaret.internal.Display.Display object at 0x000001AEDCB49B80>, kwargs={})
2021-12-30 20:15:57,389:INFO:Checking exceptions
2021-12-30 20:15:57,389:INFO:Importing libraries
2021-12-30 20:15:57,389:INFO:Copying training dataset
2021-12-30 20:15:57,393:INFO:Defining folds
2021-12-30 20:15:57,393:INFO:Declaring metric variables
2021-12-30 20:15:57,414:INFO:Importing untrained model
2021-12-30 20:15:57,432:INFO:Orthogonal Matching Pursuit Imported succesfully
2021-12-30 20:15:57,486:INFO:Starting cross validation
2021-12-30 20:15:57,488:INFO:Cross validating with KFold(n_splits=10, random_state=None, shuffle=False), n_jobs=-1
2021-12-30 20:15:57,604:INFO:Calculating mean and std
2021-12-30 20:15:57,605:INFO:Creating metrics dataframe
2021-12-30 20:15:57,612:INFO:Uploading results into container
2021-12-30 20:15:57,612:INFO:Uploading model into container now
2021-12-30 20:15:57,612:INFO:create_model_container: 7
2021-12-30 20:15:57,612:INFO:master_model_container: 7
2021-12-30 20:15:57,612:INFO:display_container: 2
2021-12-30 20:15:57,613:INFO:OrthogonalMatchingPursuit(fit_intercept=True, n_nonzero_coefs=None,
                          normalize=True, precompute='auto', tol=None)
2021-12-30 20:15:57,613:INFO:create_model() succesfully completed......................................
2021-12-30 20:15:57,753:INFO:SubProcess create_model() end ==================================
2021-12-30 20:15:57,753:INFO:Creating metrics dataframe
2021-12-30 20:15:57,780:INFO:Initializing Bayesian Ridge
2021-12-30 20:15:57,780:INFO:Total runtime is 0.23926745255788168 minutes
2021-12-30 20:15:57,802:INFO:SubProcess create_model() called ==================================
2021-12-30 20:15:57,803:INFO:Initializing create_model()
2021-12-30 20:15:57,803:INFO:create_model(estimator=br, fold=KFold(n_splits=10, random_state=None, shuffle=False), round=4, cross_validation=True, predict=True, fit_kwargs={}, groups=None, refit=False, verbose=False, system=False, metrics=None, add_to_model_list=True, probability_threshold=None, display=<pycaret.internal.Display.Display object at 0x000001AEDCB49B80>, kwargs={})
2021-12-30 20:15:57,803:INFO:Checking exceptions
2021-12-30 20:15:57,803:INFO:Importing libraries
2021-12-30 20:15:57,803:INFO:Copying training dataset
2021-12-30 20:15:57,807:INFO:Defining folds
2021-12-30 20:15:57,808:INFO:Declaring metric variables
2021-12-30 20:15:57,830:INFO:Importing untrained model
2021-12-30 20:15:57,857:INFO:Bayesian Ridge Imported succesfully
2021-12-30 20:15:57,905:INFO:Starting cross validation
2021-12-30 20:15:57,907:INFO:Cross validating with KFold(n_splits=10, random_state=None, shuffle=False), n_jobs=-1
2021-12-30 20:15:58,034:INFO:Calculating mean and std
2021-12-30 20:15:58,036:INFO:Creating metrics dataframe
2021-12-30 20:15:58,042:INFO:Uploading results into container
2021-12-30 20:15:58,043:INFO:Uploading model into container now
2021-12-30 20:15:58,043:INFO:create_model_container: 8
2021-12-30 20:15:58,043:INFO:master_model_container: 8
2021-12-30 20:15:58,043:INFO:display_container: 2
2021-12-30 20:15:58,044:INFO:BayesianRidge(alpha_1=1e-06, alpha_2=1e-06, alpha_init=None,
              compute_score=False, copy_X=True, fit_intercept=True,
              lambda_1=1e-06, lambda_2=1e-06, lambda_init=None, n_iter=300,
              normalize=False, tol=0.001, verbose=False)
2021-12-30 20:15:58,044:INFO:create_model() succesfully completed......................................
2021-12-30 20:15:58,182:INFO:SubProcess create_model() end ==================================
2021-12-30 20:15:58,182:INFO:Creating metrics dataframe
2021-12-30 20:15:58,209:INFO:Initializing Passive Aggressive Regressor
2021-12-30 20:15:58,210:INFO:Total runtime is 0.24643752177556355 minutes
2021-12-30 20:15:58,240:INFO:SubProcess create_model() called ==================================
2021-12-30 20:15:58,241:INFO:Initializing create_model()
2021-12-30 20:15:58,242:INFO:create_model(estimator=par, fold=KFold(n_splits=10, random_state=None, shuffle=False), round=4, cross_validation=True, predict=True, fit_kwargs={}, groups=None, refit=False, verbose=False, system=False, metrics=None, add_to_model_list=True, probability_threshold=None, display=<pycaret.internal.Display.Display object at 0x000001AEDCB49B80>, kwargs={})
2021-12-30 20:15:58,242:INFO:Checking exceptions
2021-12-30 20:15:58,242:INFO:Importing libraries
2021-12-30 20:15:58,242:INFO:Copying training dataset
2021-12-30 20:15:58,246:INFO:Defining folds
2021-12-30 20:15:58,246:INFO:Declaring metric variables
2021-12-30 20:15:58,271:INFO:Importing untrained model
2021-12-30 20:15:58,295:INFO:Passive Aggressive Regressor Imported succesfully
2021-12-30 20:15:58,348:INFO:Starting cross validation
2021-12-30 20:15:58,349:INFO:Cross validating with KFold(n_splits=10, random_state=None, shuffle=False), n_jobs=-1
2021-12-30 20:15:58,494:INFO:Calculating mean and std
2021-12-30 20:15:58,496:INFO:Creating metrics dataframe
2021-12-30 20:15:58,503:INFO:Uploading results into container
2021-12-30 20:15:58,504:INFO:Uploading model into container now
2021-12-30 20:15:58,504:INFO:create_model_container: 9
2021-12-30 20:15:58,504:INFO:master_model_container: 9
2021-12-30 20:15:58,504:INFO:display_container: 2
2021-12-30 20:15:58,505:INFO:PassiveAggressiveRegressor(C=1.0, average=False, early_stopping=False,
                           epsilon=0.1, fit_intercept=True,
                           loss='epsilon_insensitive', max_iter=1000,
                           n_iter_no_change=5, random_state=123, shuffle=True,
                           tol=0.001, validation_fraction=0.1, verbose=0,
                           warm_start=False)
2021-12-30 20:15:58,505:INFO:create_model() succesfully completed......................................
2021-12-30 20:15:58,654:INFO:SubProcess create_model() end ==================================
2021-12-30 20:15:58,654:INFO:Creating metrics dataframe
2021-12-30 20:15:58,685:INFO:Initializing Huber Regressor
2021-12-30 20:15:58,685:INFO:Total runtime is 0.25435243447621664 minutes
2021-12-30 20:15:58,698:INFO:SubProcess create_model() called ==================================
2021-12-30 20:15:58,699:INFO:Initializing create_model()
2021-12-30 20:15:58,699:INFO:create_model(estimator=huber, fold=KFold(n_splits=10, random_state=None, shuffle=False), round=4, cross_validation=True, predict=True, fit_kwargs={}, groups=None, refit=False, verbose=False, system=False, metrics=None, add_to_model_list=True, probability_threshold=None, display=<pycaret.internal.Display.Display object at 0x000001AEDCB49B80>, kwargs={})
2021-12-30 20:15:58,700:INFO:Checking exceptions
2021-12-30 20:15:58,700:INFO:Importing libraries
2021-12-30 20:15:58,700:INFO:Copying training dataset
2021-12-30 20:15:58,702:INFO:Defining folds
2021-12-30 20:15:58,703:INFO:Declaring metric variables
2021-12-30 20:15:58,724:INFO:Importing untrained model
2021-12-30 20:15:58,744:INFO:Huber Regressor Imported succesfully
2021-12-30 20:15:58,786:INFO:Starting cross validation
2021-12-30 20:15:58,787:INFO:Cross validating with KFold(n_splits=10, random_state=None, shuffle=False), n_jobs=-1
2021-12-30 20:15:59,227:INFO:Calculating mean and std
2021-12-30 20:15:59,230:INFO:Creating metrics dataframe
2021-12-30 20:15:59,240:INFO:Uploading results into container
2021-12-30 20:15:59,240:INFO:Uploading model into container now
2021-12-30 20:15:59,240:INFO:create_model_container: 10
2021-12-30 20:15:59,240:INFO:master_model_container: 10
2021-12-30 20:15:59,241:INFO:display_container: 2
2021-12-30 20:15:59,241:INFO:HuberRegressor(alpha=0.0001, epsilon=1.35, fit_intercept=True, max_iter=100,
               tol=1e-05, warm_start=False)
2021-12-30 20:15:59,242:INFO:create_model() succesfully completed......................................
2021-12-30 20:15:59,403:INFO:SubProcess create_model() end ==================================
2021-12-30 20:15:59,404:INFO:Creating metrics dataframe
2021-12-30 20:15:59,435:INFO:Initializing K Neighbors Regressor
2021-12-30 20:15:59,435:INFO:Total runtime is 0.2668521801630656 minutes
2021-12-30 20:15:59,453:INFO:SubProcess create_model() called ==================================
2021-12-30 20:15:59,454:INFO:Initializing create_model()
2021-12-30 20:15:59,455:INFO:create_model(estimator=knn, fold=KFold(n_splits=10, random_state=None, shuffle=False), round=4, cross_validation=True, predict=True, fit_kwargs={}, groups=None, refit=False, verbose=False, system=False, metrics=None, add_to_model_list=True, probability_threshold=None, display=<pycaret.internal.Display.Display object at 0x000001AEDCB49B80>, kwargs={})
2021-12-30 20:15:59,455:INFO:Checking exceptions
2021-12-30 20:15:59,455:INFO:Importing libraries
2021-12-30 20:15:59,456:INFO:Copying training dataset
2021-12-30 20:15:59,459:INFO:Defining folds
2021-12-30 20:15:59,460:INFO:Declaring metric variables
2021-12-30 20:15:59,483:INFO:Importing untrained model
2021-12-30 20:15:59,511:INFO:K Neighbors Regressor Imported succesfully
2021-12-30 20:15:59,560:INFO:Starting cross validation
2021-12-30 20:15:59,562:INFO:Cross validating with KFold(n_splits=10, random_state=None, shuffle=False), n_jobs=-1
2021-12-30 20:15:59,758:INFO:Calculating mean and std
2021-12-30 20:15:59,760:INFO:Creating metrics dataframe
2021-12-30 20:15:59,770:INFO:Uploading results into container
2021-12-30 20:15:59,770:INFO:Uploading model into container now
2021-12-30 20:15:59,770:INFO:create_model_container: 11
2021-12-30 20:15:59,770:INFO:master_model_container: 11
2021-12-30 20:15:59,771:INFO:display_container: 2
2021-12-30 20:15:59,771:INFO:KNeighborsRegressor(algorithm='auto', leaf_size=30, metric='minkowski',
                    metric_params=None, n_jobs=-1, n_neighbors=5, p=2,
                    weights='uniform')
2021-12-30 20:15:59,771:INFO:create_model() succesfully completed......................................
2021-12-30 20:15:59,944:INFO:SubProcess create_model() end ==================================
2021-12-30 20:15:59,944:INFO:Creating metrics dataframe
2021-12-30 20:15:59,989:INFO:Initializing Decision Tree Regressor
2021-12-30 20:15:59,989:INFO:Total runtime is 0.2760826230049134 minutes
2021-12-30 20:16:00,031:INFO:SubProcess create_model() called ==================================
2021-12-30 20:16:00,032:INFO:Initializing create_model()
2021-12-30 20:16:00,032:INFO:create_model(estimator=dt, fold=KFold(n_splits=10, random_state=None, shuffle=False), round=4, cross_validation=True, predict=True, fit_kwargs={}, groups=None, refit=False, verbose=False, system=False, metrics=None, add_to_model_list=True, probability_threshold=None, display=<pycaret.internal.Display.Display object at 0x000001AEDCB49B80>, kwargs={})
2021-12-30 20:16:00,032:INFO:Checking exceptions
2021-12-30 20:16:00,033:INFO:Importing libraries
2021-12-30 20:16:00,033:INFO:Copying training dataset
2021-12-30 20:16:00,037:INFO:Defining folds
2021-12-30 20:16:00,037:INFO:Declaring metric variables
2021-12-30 20:16:00,073:INFO:Importing untrained model
2021-12-30 20:16:00,097:INFO:Decision Tree Regressor Imported succesfully
2021-12-30 20:16:00,144:INFO:Starting cross validation
2021-12-30 20:16:00,146:INFO:Cross validating with KFold(n_splits=10, random_state=None, shuffle=False), n_jobs=-1
2021-12-30 20:16:00,313:INFO:Calculating mean and std
2021-12-30 20:16:00,315:INFO:Creating metrics dataframe
2021-12-30 20:16:00,325:INFO:Uploading results into container
2021-12-30 20:16:00,325:INFO:Uploading model into container now
2021-12-30 20:16:00,325:INFO:create_model_container: 12
2021-12-30 20:16:00,326:INFO:master_model_container: 12
2021-12-30 20:16:00,326:INFO:display_container: 2
2021-12-30 20:16:00,327:INFO:DecisionTreeRegressor(ccp_alpha=0.0, criterion='mse', max_depth=None,
                      max_features=None, max_leaf_nodes=None,
                      min_impurity_decrease=0.0, min_impurity_split=None,
                      min_samples_leaf=1, min_samples_split=2,
                      min_weight_fraction_leaf=0.0, presort='deprecated',
                      random_state=123, splitter='best')
2021-12-30 20:16:00,327:INFO:create_model() succesfully completed......................................
2021-12-30 20:16:00,518:INFO:SubProcess create_model() end ==================================
2021-12-30 20:16:00,518:INFO:Creating metrics dataframe
2021-12-30 20:16:00,554:INFO:Initializing Random Forest Regressor
2021-12-30 20:16:00,554:INFO:Total runtime is 0.28551208972930914 minutes
2021-12-30 20:16:00,578:INFO:SubProcess create_model() called ==================================
2021-12-30 20:16:00,579:INFO:Initializing create_model()
2021-12-30 20:16:00,579:INFO:create_model(estimator=rf, fold=KFold(n_splits=10, random_state=None, shuffle=False), round=4, cross_validation=True, predict=True, fit_kwargs={}, groups=None, refit=False, verbose=False, system=False, metrics=None, add_to_model_list=True, probability_threshold=None, display=<pycaret.internal.Display.Display object at 0x000001AEDCB49B80>, kwargs={})
2021-12-30 20:16:00,580:INFO:Checking exceptions
2021-12-30 20:16:00,580:INFO:Importing libraries
2021-12-30 20:16:00,580:INFO:Copying training dataset
2021-12-30 20:16:00,582:INFO:Defining folds
2021-12-30 20:16:00,582:INFO:Declaring metric variables
2021-12-30 20:16:00,608:INFO:Importing untrained model
2021-12-30 20:16:00,645:INFO:Random Forest Regressor Imported succesfully
2021-12-30 20:16:00,685:INFO:Starting cross validation
2021-12-30 20:16:00,687:INFO:Cross validating with KFold(n_splits=10, random_state=None, shuffle=False), n_jobs=-1
2021-12-30 20:16:03,648:INFO:Calculating mean and std
2021-12-30 20:16:03,652:INFO:Creating metrics dataframe
2021-12-30 20:16:03,662:INFO:Uploading results into container
2021-12-30 20:16:03,663:INFO:Uploading model into container now
2021-12-30 20:16:03,663:INFO:create_model_container: 13
2021-12-30 20:16:03,663:INFO:master_model_container: 13
2021-12-30 20:16:03,663:INFO:display_container: 2
2021-12-30 20:16:03,665:INFO:RandomForestRegressor(bootstrap=True, ccp_alpha=0.0, criterion='mse',
                      max_depth=None, max_features='auto', max_leaf_nodes=None,
                      max_samples=None, min_impurity_decrease=0.0,
                      min_impurity_split=None, min_samples_leaf=1,
                      min_samples_split=2, min_weight_fraction_leaf=0.0,
                      n_estimators=100, n_jobs=-1, oob_score=False,
                      random_state=123, verbose=0, warm_start=False)
2021-12-30 20:16:03,666:INFO:create_model() succesfully completed......................................
2021-12-30 20:16:03,900:INFO:SubProcess create_model() end ==================================
2021-12-30 20:16:03,900:INFO:Creating metrics dataframe
2021-12-30 20:16:03,930:INFO:Initializing Extra Trees Regressor
2021-12-30 20:16:03,930:INFO:Total runtime is 0.3417797605196635 minutes
2021-12-30 20:16:03,950:INFO:SubProcess create_model() called ==================================
2021-12-30 20:16:03,951:INFO:Initializing create_model()
2021-12-30 20:16:03,951:INFO:create_model(estimator=et, fold=KFold(n_splits=10, random_state=None, shuffle=False), round=4, cross_validation=True, predict=True, fit_kwargs={}, groups=None, refit=False, verbose=False, system=False, metrics=None, add_to_model_list=True, probability_threshold=None, display=<pycaret.internal.Display.Display object at 0x000001AEDCB49B80>, kwargs={})
2021-12-30 20:16:03,952:INFO:Checking exceptions
2021-12-30 20:16:03,952:INFO:Importing libraries
2021-12-30 20:16:03,952:INFO:Copying training dataset
2021-12-30 20:16:03,954:INFO:Defining folds
2021-12-30 20:16:03,955:INFO:Declaring metric variables
2021-12-30 20:16:03,981:INFO:Importing untrained model
2021-12-30 20:16:04,011:INFO:Extra Trees Regressor Imported succesfully
2021-12-30 20:16:04,059:INFO:Starting cross validation
2021-12-30 20:16:04,061:INFO:Cross validating with KFold(n_splits=10, random_state=None, shuffle=False), n_jobs=-1
2021-12-30 20:16:06,543:INFO:Calculating mean and std
2021-12-30 20:16:06,545:INFO:Creating metrics dataframe
2021-12-30 20:16:06,554:INFO:Uploading results into container
2021-12-30 20:16:06,555:INFO:Uploading model into container now
2021-12-30 20:16:06,555:INFO:create_model_container: 14
2021-12-30 20:16:06,555:INFO:master_model_container: 14
2021-12-30 20:16:06,555:INFO:display_container: 2
2021-12-30 20:16:06,556:INFO:ExtraTreesRegressor(bootstrap=False, ccp_alpha=0.0, criterion='mse',
                    max_depth=None, max_features='auto', max_leaf_nodes=None,
                    max_samples=None, min_impurity_decrease=0.0,
                    min_impurity_split=None, min_samples_leaf=1,
                    min_samples_split=2, min_weight_fraction_leaf=0.0,
                    n_estimators=100, n_jobs=-1, oob_score=False,
                    random_state=123, verbose=0, warm_start=False)
2021-12-30 20:16:06,557:INFO:create_model() succesfully completed......................................
2021-12-30 20:16:06,718:INFO:SubProcess create_model() end ==================================
2021-12-30 20:16:06,718:INFO:Creating metrics dataframe
2021-12-30 20:16:06,741:INFO:Initializing AdaBoost Regressor
2021-12-30 20:16:06,741:INFO:Total runtime is 0.3886305928230286 minutes
2021-12-30 20:16:06,754:INFO:SubProcess create_model() called ==================================
2021-12-30 20:16:06,755:INFO:Initializing create_model()
2021-12-30 20:16:06,755:INFO:create_model(estimator=ada, fold=KFold(n_splits=10, random_state=None, shuffle=False), round=4, cross_validation=True, predict=True, fit_kwargs={}, groups=None, refit=False, verbose=False, system=False, metrics=None, add_to_model_list=True, probability_threshold=None, display=<pycaret.internal.Display.Display object at 0x000001AEDCB49B80>, kwargs={})
2021-12-30 20:16:06,755:INFO:Checking exceptions
2021-12-30 20:16:06,755:INFO:Importing libraries
2021-12-30 20:16:06,755:INFO:Copying training dataset
2021-12-30 20:16:06,757:INFO:Defining folds
2021-12-30 20:16:06,757:INFO:Declaring metric variables
2021-12-30 20:16:06,776:INFO:Importing untrained model
2021-12-30 20:16:06,793:INFO:AdaBoost Regressor Imported succesfully
2021-12-30 20:16:06,837:INFO:Starting cross validation
2021-12-30 20:16:06,838:INFO:Cross validating with KFold(n_splits=10, random_state=None, shuffle=False), n_jobs=-1
2021-12-30 20:16:07,592:INFO:Calculating mean and std
2021-12-30 20:16:07,593:INFO:Creating metrics dataframe
2021-12-30 20:16:07,598:INFO:Uploading results into container
2021-12-30 20:16:07,598:INFO:Uploading model into container now
2021-12-30 20:16:07,598:INFO:create_model_container: 15
2021-12-30 20:16:07,599:INFO:master_model_container: 15
2021-12-30 20:16:07,599:INFO:display_container: 2
2021-12-30 20:16:07,599:INFO:AdaBoostRegressor(base_estimator=None, learning_rate=1.0, loss='linear',
                  n_estimators=50, random_state=123)
2021-12-30 20:16:07,600:INFO:create_model() succesfully completed......................................
2021-12-30 20:16:07,738:INFO:SubProcess create_model() end ==================================
2021-12-30 20:16:07,738:INFO:Creating metrics dataframe
2021-12-30 20:16:07,764:INFO:Initializing Gradient Boosting Regressor
2021-12-30 20:16:07,764:INFO:Total runtime is 0.4056664148966472 minutes
2021-12-30 20:16:07,778:INFO:SubProcess create_model() called ==================================
2021-12-30 20:16:07,778:INFO:Initializing create_model()
2021-12-30 20:16:07,778:INFO:create_model(estimator=gbr, fold=KFold(n_splits=10, random_state=None, shuffle=False), round=4, cross_validation=True, predict=True, fit_kwargs={}, groups=None, refit=False, verbose=False, system=False, metrics=None, add_to_model_list=True, probability_threshold=None, display=<pycaret.internal.Display.Display object at 0x000001AEDCB49B80>, kwargs={})
2021-12-30 20:16:07,779:INFO:Checking exceptions
2021-12-30 20:16:07,779:INFO:Importing libraries
2021-12-30 20:16:07,779:INFO:Copying training dataset
2021-12-30 20:16:07,781:INFO:Defining folds
2021-12-30 20:16:07,782:INFO:Declaring metric variables
2021-12-30 20:16:07,806:INFO:Importing untrained model
2021-12-30 20:16:07,823:INFO:Gradient Boosting Regressor Imported succesfully
2021-12-30 20:16:07,866:INFO:Starting cross validation
2021-12-30 20:16:07,868:INFO:Cross validating with KFold(n_splits=10, random_state=None, shuffle=False), n_jobs=-1
2021-12-30 20:16:08,483:INFO:Calculating mean and std
2021-12-30 20:16:08,484:INFO:Creating metrics dataframe
2021-12-30 20:16:08,488:INFO:Uploading results into container
2021-12-30 20:16:08,489:INFO:Uploading model into container now
2021-12-30 20:16:08,489:INFO:create_model_container: 16
2021-12-30 20:16:08,489:INFO:master_model_container: 16
2021-12-30 20:16:08,489:INFO:display_container: 2
2021-12-30 20:16:08,490:INFO:GradientBoostingRegressor(alpha=0.9, ccp_alpha=0.0, criterion='friedman_mse',
                          init=None, learning_rate=0.1, loss='ls', max_depth=3,
                          max_features=None, max_leaf_nodes=None,
                          min_impurity_decrease=0.0, min_impurity_split=None,
                          min_samples_leaf=1, min_samples_split=2,
                          min_weight_fraction_leaf=0.0, n_estimators=100,
                          n_iter_no_change=None, presort='deprecated',
                          random_state=123, subsample=1.0, tol=0.0001,
                          validation_fraction=0.1, verbose=0, warm_start=False)
2021-12-30 20:16:08,490:INFO:create_model() succesfully completed......................................
2021-12-30 20:16:08,626:INFO:SubProcess create_model() end ==================================
2021-12-30 20:16:08,626:INFO:Creating metrics dataframe
2021-12-30 20:16:08,651:INFO:Initializing Light Gradient Boosting Machine
2021-12-30 20:16:08,652:INFO:Total runtime is 0.42047146161397303 minutes
2021-12-30 20:16:08,665:INFO:SubProcess create_model() called ==================================
2021-12-30 20:16:08,666:INFO:Initializing create_model()
2021-12-30 20:16:08,666:INFO:create_model(estimator=lightgbm, fold=KFold(n_splits=10, random_state=None, shuffle=False), round=4, cross_validation=True, predict=True, fit_kwargs={}, groups=None, refit=False, verbose=False, system=False, metrics=None, add_to_model_list=True, probability_threshold=None, display=<pycaret.internal.Display.Display object at 0x000001AEDCB49B80>, kwargs={})
2021-12-30 20:16:08,666:INFO:Checking exceptions
2021-12-30 20:16:08,666:INFO:Importing libraries
2021-12-30 20:16:08,667:INFO:Copying training dataset
2021-12-30 20:16:08,668:INFO:Defining folds
2021-12-30 20:16:08,668:INFO:Declaring metric variables
2021-12-30 20:16:08,697:INFO:Importing untrained model
2021-12-30 20:16:08,721:INFO:Light Gradient Boosting Machine Imported succesfully
2021-12-30 20:16:08,768:INFO:Starting cross validation
2021-12-30 20:16:08,769:INFO:Cross validating with KFold(n_splits=10, random_state=None, shuffle=False), n_jobs=-1
2021-12-30 20:16:11,064:INFO:Calculating mean and std
2021-12-30 20:16:11,065:INFO:Creating metrics dataframe
2021-12-30 20:16:11,069:INFO:Uploading results into container
2021-12-30 20:16:11,069:INFO:Uploading model into container now
2021-12-30 20:16:11,070:INFO:create_model_container: 17
2021-12-30 20:16:11,070:INFO:master_model_container: 17
2021-12-30 20:16:11,070:INFO:display_container: 2
2021-12-30 20:16:11,071:INFO:LGBMRegressor(boosting_type='gbdt', class_weight=None, colsample_bytree=1.0,
              importance_type='split', learning_rate=0.1, max_depth=-1,
              min_child_samples=20, min_child_weight=0.001, min_split_gain=0.0,
              n_estimators=100, n_jobs=-1, num_leaves=31, objective=None,
              random_state=123, reg_alpha=0.0, reg_lambda=0.0, silent='warn',
              subsample=1.0, subsample_for_bin=200000, subsample_freq=0)
2021-12-30 20:16:11,071:INFO:create_model() succesfully completed......................................
2021-12-30 20:16:11,221:INFO:SubProcess create_model() end ==================================
2021-12-30 20:16:11,221:INFO:Creating metrics dataframe
2021-12-30 20:16:11,248:INFO:Initializing Dummy Regressor
2021-12-30 20:16:11,248:INFO:Total runtime is 0.4637441953023275 minutes
2021-12-30 20:16:11,264:INFO:SubProcess create_model() called ==================================
2021-12-30 20:16:11,265:INFO:Initializing create_model()
2021-12-30 20:16:11,265:INFO:create_model(estimator=dummy, fold=KFold(n_splits=10, random_state=None, shuffle=False), round=4, cross_validation=True, predict=True, fit_kwargs={}, groups=None, refit=False, verbose=False, system=False, metrics=None, add_to_model_list=True, probability_threshold=None, display=<pycaret.internal.Display.Display object at 0x000001AEDCB49B80>, kwargs={})
2021-12-30 20:16:11,265:INFO:Checking exceptions
2021-12-30 20:16:11,266:INFO:Importing libraries
2021-12-30 20:16:11,266:INFO:Copying training dataset
2021-12-30 20:16:11,267:INFO:Defining folds
2021-12-30 20:16:11,267:INFO:Declaring metric variables
2021-12-30 20:16:11,288:INFO:Importing untrained model
2021-12-30 20:16:11,310:INFO:Dummy Regressor Imported succesfully
2021-12-30 20:16:11,343:INFO:Starting cross validation
2021-12-30 20:16:11,345:INFO:Cross validating with KFold(n_splits=10, random_state=None, shuffle=False), n_jobs=-1
2021-12-30 20:16:11,450:INFO:Calculating mean and std
2021-12-30 20:16:11,452:INFO:Creating metrics dataframe
2021-12-30 20:16:11,460:INFO:Uploading results into container
2021-12-30 20:16:11,460:INFO:Uploading model into container now
2021-12-30 20:16:11,460:INFO:create_model_container: 18
2021-12-30 20:16:11,461:INFO:master_model_container: 18
2021-12-30 20:16:11,461:INFO:display_container: 2
2021-12-30 20:16:11,461:INFO:DummyRegressor(constant=None, quantile=None, strategy='mean')
2021-12-30 20:16:11,461:INFO:create_model() succesfully completed......................................
2021-12-30 20:16:11,611:INFO:SubProcess create_model() end ==================================
2021-12-30 20:16:11,611:INFO:Creating metrics dataframe
2021-12-30 20:16:11,679:INFO:Initializing create_model()
2021-12-30 20:16:11,679:INFO:create_model(estimator=ExtraTreesRegressor(bootstrap=False, ccp_alpha=0.0, criterion='mse',
                    max_depth=None, max_features='auto', max_leaf_nodes=None,
                    max_samples=None, min_impurity_decrease=0.0,
                    min_impurity_split=None, min_samples_leaf=1,
                    min_samples_split=2, min_weight_fraction_leaf=0.0,
                    n_estimators=100, n_jobs=-1, oob_score=False,
                    random_state=123, verbose=0, warm_start=False), fold=KFold(n_splits=10, random_state=None, shuffle=False), round=4, cross_validation=False, predict=False, fit_kwargs={}, groups=None, refit=True, verbose=False, system=False, metrics=None, add_to_model_list=True, probability_threshold=None, display=None, kwargs={})
2021-12-30 20:16:11,679:INFO:Checking exceptions
2021-12-30 20:16:11,680:INFO:Importing libraries
2021-12-30 20:16:11,680:INFO:Copying training dataset
2021-12-30 20:16:11,681:INFO:Defining folds
2021-12-30 20:16:11,681:INFO:Declaring metric variables
2021-12-30 20:16:11,681:INFO:Importing untrained model
2021-12-30 20:16:11,681:INFO:Declaring custom model
2021-12-30 20:16:11,684:INFO:Extra Trees Regressor Imported succesfully
2021-12-30 20:16:11,685:INFO:Cross validation set to False
2021-12-30 20:16:11,685:INFO:Fitting Model
2021-12-30 20:16:12,047:INFO:ExtraTreesRegressor(bootstrap=False, ccp_alpha=0.0, criterion='mse',
                    max_depth=None, max_features='auto', max_leaf_nodes=None,
                    max_samples=None, min_impurity_decrease=0.0,
                    min_impurity_split=None, min_samples_leaf=1,
                    min_samples_split=2, min_weight_fraction_leaf=0.0,
                    n_estimators=100, n_jobs=-1, oob_score=False,
                    random_state=123, verbose=0, warm_start=False)
2021-12-30 20:16:12,047:INFO:create_models() succesfully completed......................................
2021-12-30 20:16:12,287:INFO:create_model_container: 18
2021-12-30 20:16:12,287:INFO:master_model_container: 18
2021-12-30 20:16:12,288:INFO:display_container: 2
2021-12-30 20:16:12,289:INFO:ExtraTreesRegressor(bootstrap=False, ccp_alpha=0.0, criterion='mse',
                    max_depth=None, max_features='auto', max_leaf_nodes=None,
                    max_samples=None, min_impurity_decrease=0.0,
                    min_impurity_split=None, min_samples_leaf=1,
                    min_samples_split=2, min_weight_fraction_leaf=0.0,
                    n_estimators=100, n_jobs=-1, oob_score=False,
                    random_state=123, verbose=0, warm_start=False)
2021-12-30 20:16:12,289:INFO:compare_models() succesfully completed......................................
2021-12-30 20:27:23,241:INFO:PyCaret Supervised Module
2021-12-30 20:27:23,242:INFO:ML Usecase: classification
2021-12-30 20:27:23,242:INFO:version 2.3.5
2021-12-30 20:27:23,242:INFO:Initializing setup()
2021-12-30 20:27:23,243:INFO:setup(target=churn, ml_usecase=classification, available_plots={'parameter': 'Hyperparameters', 'auc': 'AUC', 'confusion_matrix': 'Confusion Matrix', 'threshold': 'Threshold', 'pr': 'Precision Recall', 'error': 'Prediction Error', 'class_report': 'Class Report', 'rfe': 'Feature Selection', 'learning': 'Learning Curve', 'manifold': 'Manifold Learning', 'calibration': 'Calibration Curve', 'vc': 'Validation Curve', 'dimension': 'Dimensions', 'feature': 'Feature Importance', 'feature_all': 'Feature Importance (All)', 'boundary': 'Decision Boundary', 'lift': 'Lift Chart', 'gain': 'Gain Chart', 'tree': 'Decision Tree', 'ks': 'KS Statistic Plot'}, train_size=0.7, test_data=None, preprocess=True, imputation_type=simple, iterative_imputation_iters=5, categorical_features=None, categorical_imputation=constant, categorical_iterative_imputer=lightgbm, ordinal_features=None, high_cardinality_features=None, high_cardinality_method=frequency, numeric_features=None, numeric_imputation=mean, numeric_iterative_imputer=lightgbm, date_features=None, ignore_features=None, normalize=False, normalize_method=zscore, transformation=False, transformation_method=yeo-johnson, handle_unknown_categorical=True, unknown_categorical_method=least_frequent, pca=False, pca_method=linear, pca_components=None, ignore_low_variance=False, combine_rare_levels=False, rare_level_threshold=0.1, bin_numeric_features=None, remove_outliers=False, outliers_threshold=0.05, remove_multicollinearity=False, multicollinearity_threshold=0.9, remove_perfect_collinearity=True, create_clusters=False, cluster_iter=20, polynomial_features=False, polynomial_degree=2, trigonometry_features=False, polynomial_threshold=0.1, group_features=None, group_names=None, feature_selection=False, feature_selection_threshold=0.8, feature_selection_method=classic, feature_interaction=False, feature_ratio=False, interaction_threshold=0.01, fix_imbalance=False, fix_imbalance_method=None, transform_target=False, transform_target_method=box-cox, data_split_shuffle=True, data_split_stratify=False, fold_strategy=stratifiedkfold, fold=10, fold_shuffle=False, fold_groups=None, n_jobs=-1, use_gpu=False, custom_pipeline=None, html=True, session_id=123, log_experiment=False, experiment_name=None, log_plots=False, log_profile=False, log_data=False, silent=False, verbose=True, profile=False, profile_kwargs=None, display=None)
2021-12-30 20:27:23,243:INFO:Checking environment
2021-12-30 20:27:23,243:INFO:python_version: 3.8.12
2021-12-30 20:27:23,243:INFO:python_build: ('default', 'Oct 12 2021 03:01:40')
2021-12-30 20:27:23,244:INFO:machine: AMD64
2021-12-30 20:27:23,244:INFO:platform: Windows-10-10.0.19044-SP0
2021-12-30 20:27:23,244:INFO:Memory: svmem(total=8493473792, available=2004049920, percent=76.4, used=6489423872, free=2004049920)
2021-12-30 20:27:23,244:INFO:Physical Core: 2
2021-12-30 20:27:23,244:INFO:Logical Core: 4
2021-12-30 20:27:23,244:INFO:Checking libraries
2021-12-30 20:27:23,245:INFO:pd==1.3.4
2021-12-30 20:27:23,245:INFO:numpy==1.19.5
2021-12-30 20:27:23,245:INFO:sklearn==0.23.2
2021-12-30 20:27:23,245:INFO:lightgbm==3.3.1
2021-12-30 20:27:23,248:WARNING:catboost not found
2021-12-30 20:27:23,251:WARNING:xgboost not found
2021-12-30 20:27:23,252:INFO:mlflow==1.22.0
2021-12-30 20:27:23,252:INFO:Checking Exceptions
2021-12-30 20:27:23,252:INFO:Declaring global variables
2021-12-30 20:27:23,253:INFO:USI: 8d31
2021-12-30 20:27:23,253:INFO:pycaret_globals: {'pycaret_globals', 'fold_groups_param_full', 'target_param', '_available_plots', 'stratify_param', 'X_test', 'fold_groups_param', 'y', '_gpu_n_jobs_param', 'y_test', 'create_model_container', 'fix_imbalance_method_param', 'gpu_param', '_all_metrics', 'fold_param', 'experiment__', 'prep_pipe', 'USI', 'imputation_regressor', '_all_models_internal', '_ml_usecase', 'fold_shuffle_param', 'transform_target_param', 'master_model_container', 'n_jobs_param', '_internal_pipeline', 'logging_param', 'html_param', 'fold_generator', 'display_container', 'log_plots_param', 'iterative_imputation_iters_param', 'imputation_classifier', 'transform_target_method_param', 'X_train', 'data_before_preprocess', '_all_models', 'X', 'fix_imbalance_param', 'y_train', 'seed', 'exp_name_log'}
2021-12-30 20:27:23,253:INFO:Preparing display monitor
2021-12-30 20:27:23,253:INFO:Preparing display monitor
2021-12-30 20:27:23,283:INFO:Importing libraries
2021-12-30 20:27:23,284:INFO:Copying data for preprocessing
2021-12-30 20:27:23,306:INFO:Declaring preprocessing parameters
2021-12-30 20:27:23,309:INFO:Creating preprocessing pipeline
2021-12-30 20:27:23,322:INFO:Preprocessing pipeline created successfully
2021-12-30 20:27:23,323:ERROR:(Process Exit): setup has been interupted with user command 'quit'. setup must rerun.
2021-12-30 20:27:23,323:INFO:Creating global containers
2021-12-30 20:27:23,324:INFO:Internal pipeline: Pipeline(memory=None, steps=[('empty_step', 'passthrough')], verbose=False)
2021-12-30 20:27:25,694:WARNING:Couldn't import xgboost.XGBClassifier
2021-12-30 20:27:25,696:WARNING:Couldn't import catboost.CatBoostClassifier
2021-12-30 20:27:25,835:WARNING:Couldn't import xgboost.XGBClassifier
2021-12-30 20:27:25,836:WARNING:Couldn't import catboost.CatBoostClassifier
2021-12-30 20:27:25,837:INFO:Creating grid variables
2021-12-30 20:27:25,867:INFO:create_model_container: 0
2021-12-30 20:27:25,868:INFO:master_model_container: 0
2021-12-30 20:27:25,869:INFO:display_container: 1
2021-12-30 20:27:25,885:INFO:Pipeline(memory=None,
         steps=[('dtypes',
                 DataTypes_Auto_infer(categorical_features=[],
                                      display_types=True, features_todrop=[],
                                      id_columns=[],
                                      ml_usecase='classification',
                                      numerical_features=[], target='churn',
                                      time_features=[])),
                ('imputer',
                 Simple_Imputer(categorical_strategy='not_available',
                                fill_value_categorical=None,
                                fill_value_numerical=None,
                                numeric_strate...
                ('scaling', 'passthrough'), ('P_transform', 'passthrough'),
                ('binn', 'passthrough'), ('rem_outliers', 'passthrough'),
                ('cluster_all', 'passthrough'),
                ('dummy', Dummify(target='churn')),
                ('fix_perfect', Remove_100(target='churn')),
                ('clean_names', Clean_Colum_Names()),
                ('feature_select', 'passthrough'), ('fix_multi', 'passthrough'),
                ('dfs', 'passthrough'), ('pca', 'passthrough')],
         verbose=False)
2021-12-30 20:27:25,885:INFO:setup() succesfully completed......................................
2021-12-30 20:28:30,305:INFO:Initializing compare_models()
2021-12-30 20:28:30,305:INFO:compare_models(include=None, fold=None, round=4, cross_validation=True, sort=Accuracy, n_select=1, budget_time=None, turbo=True, errors=ignore, fit_kwargs=None, groups=None, probability_threshold=None, verbose=True, display=None, exclude=None)
2021-12-30 20:28:30,306:INFO:Checking exceptions
2021-12-30 20:28:30,307:INFO:Preparing display monitor
2021-12-30 20:28:30,308:INFO:Preparing display monitor
2021-12-30 20:28:30,375:INFO:Initializing Logistic Regression
2021-12-30 20:28:30,375:INFO:Total runtime is 0.0 minutes
2021-12-30 20:28:30,396:INFO:SubProcess create_model() called ==================================
2021-12-30 20:28:30,399:INFO:Initializing create_model()
2021-12-30 20:28:30,400:INFO:create_model(estimator=lr, fold=StratifiedKFold(n_splits=10, random_state=None, shuffle=False), round=4, cross_validation=True, predict=True, fit_kwargs={}, groups=None, refit=False, verbose=False, system=False, metrics=None, add_to_model_list=True, probability_threshold=None, display=<pycaret.internal.Display.Display object at 0x000001AEDCD18400>, kwargs={})
2021-12-30 20:28:30,400:INFO:Checking exceptions
2021-12-30 20:28:30,400:INFO:Importing libraries
2021-12-30 20:28:30,400:INFO:Copying training dataset
2021-12-30 20:28:30,402:INFO:Defining folds
2021-12-30 20:28:30,402:INFO:Declaring metric variables
2021-12-30 20:28:30,427:INFO:Importing untrained model
2021-12-30 20:28:30,457:INFO:Logistic Regression Imported succesfully
2021-12-30 20:28:30,507:INFO:Starting cross validation
2021-12-30 20:28:30,508:INFO:Cross validating with StratifiedKFold(n_splits=10, random_state=None, shuffle=False), n_jobs=-1
2021-12-30 20:28:44,706:INFO:Calculating mean and std
2021-12-30 20:28:44,711:INFO:Creating metrics dataframe
2021-12-30 20:28:44,725:INFO:Uploading results into container
2021-12-30 20:28:44,726:INFO:Uploading model into container now
2021-12-30 20:28:44,726:INFO:create_model_container: 1
2021-12-30 20:28:44,726:INFO:master_model_container: 1
2021-12-30 20:28:44,727:INFO:display_container: 2
2021-12-30 20:28:44,728:INFO:LogisticRegression(C=1.0, class_weight=None, dual=False, fit_intercept=True,
                   intercept_scaling=1, l1_ratio=None, max_iter=1000,
                   multi_class='auto', n_jobs=None, penalty='l2',
                   random_state=123, solver='lbfgs', tol=0.0001, verbose=0,
                   warm_start=False)
2021-12-30 20:28:44,728:INFO:create_model() succesfully completed......................................
2021-12-30 20:28:45,042:INFO:SubProcess create_model() end ==================================
2021-12-30 20:28:45,042:INFO:Creating metrics dataframe
2021-12-30 20:28:45,069:INFO:Initializing K Neighbors Classifier
2021-12-30 20:28:45,069:INFO:Total runtime is 0.2448996623357137 minutes
2021-12-30 20:28:45,098:INFO:SubProcess create_model() called ==================================
2021-12-30 20:28:45,099:INFO:Initializing create_model()
2021-12-30 20:28:45,100:INFO:create_model(estimator=knn, fold=StratifiedKFold(n_splits=10, random_state=None, shuffle=False), round=4, cross_validation=True, predict=True, fit_kwargs={}, groups=None, refit=False, verbose=False, system=False, metrics=None, add_to_model_list=True, probability_threshold=None, display=<pycaret.internal.Display.Display object at 0x000001AEDCD18400>, kwargs={})
2021-12-30 20:28:45,100:INFO:Checking exceptions
2021-12-30 20:28:45,100:INFO:Importing libraries
2021-12-30 20:28:45,100:INFO:Copying training dataset
2021-12-30 20:28:45,102:INFO:Defining folds
2021-12-30 20:28:45,103:INFO:Declaring metric variables
2021-12-30 20:28:45,141:INFO:Importing untrained model
2021-12-30 20:28:45,180:INFO:K Neighbors Classifier Imported succesfully
2021-12-30 20:28:45,235:INFO:Starting cross validation
2021-12-30 20:28:45,236:INFO:Cross validating with StratifiedKFold(n_splits=10, random_state=None, shuffle=False), n_jobs=-1
2021-12-30 20:28:45,479:INFO:Calculating mean and std
2021-12-30 20:28:45,481:INFO:Creating metrics dataframe
2021-12-30 20:28:45,488:INFO:Uploading results into container
2021-12-30 20:28:45,488:INFO:Uploading model into container now
2021-12-30 20:28:45,488:INFO:create_model_container: 2
2021-12-30 20:28:45,488:INFO:master_model_container: 2
2021-12-30 20:28:45,489:INFO:display_container: 2
2021-12-30 20:28:45,490:INFO:KNeighborsClassifier(algorithm='auto', leaf_size=30, metric='minkowski',
                     metric_params=None, n_jobs=-1, n_neighbors=5, p=2,
                     weights='uniform')
2021-12-30 20:28:45,491:INFO:create_model() succesfully completed......................................
2021-12-30 20:28:45,787:INFO:SubProcess create_model() end ==================================
2021-12-30 20:28:45,787:INFO:Creating metrics dataframe
2021-12-30 20:28:45,849:INFO:Initializing Naive Bayes
2021-12-30 20:28:45,849:INFO:Total runtime is 0.25789013306299846 minutes
2021-12-30 20:28:45,879:INFO:SubProcess create_model() called ==================================
2021-12-30 20:28:45,881:INFO:Initializing create_model()
2021-12-30 20:28:45,881:INFO:create_model(estimator=nb, fold=StratifiedKFold(n_splits=10, random_state=None, shuffle=False), round=4, cross_validation=True, predict=True, fit_kwargs={}, groups=None, refit=False, verbose=False, system=False, metrics=None, add_to_model_list=True, probability_threshold=None, display=<pycaret.internal.Display.Display object at 0x000001AEDCD18400>, kwargs={})
2021-12-30 20:28:45,881:INFO:Checking exceptions
2021-12-30 20:28:45,881:INFO:Importing libraries
2021-12-30 20:28:45,881:INFO:Copying training dataset
2021-12-30 20:28:45,883:INFO:Defining folds
2021-12-30 20:28:45,884:INFO:Declaring metric variables
2021-12-30 20:28:45,917:INFO:Importing untrained model
2021-12-30 20:28:45,947:INFO:Naive Bayes Imported succesfully
2021-12-30 20:28:46,013:INFO:Starting cross validation
2021-12-30 20:28:46,015:INFO:Cross validating with StratifiedKFold(n_splits=10, random_state=None, shuffle=False), n_jobs=-1
2021-12-30 20:28:46,173:INFO:Calculating mean and std
2021-12-30 20:28:46,176:INFO:Creating metrics dataframe
2021-12-30 20:28:46,184:INFO:Uploading results into container
2021-12-30 20:28:46,184:INFO:Uploading model into container now
2021-12-30 20:28:46,184:INFO:create_model_container: 3
2021-12-30 20:28:46,184:INFO:master_model_container: 3
2021-12-30 20:28:46,185:INFO:display_container: 2
2021-12-30 20:28:46,185:INFO:GaussianNB(priors=None, var_smoothing=1e-09)
2021-12-30 20:28:46,185:INFO:create_model() succesfully completed......................................
2021-12-30 20:28:46,492:INFO:SubProcess create_model() end ==================================
2021-12-30 20:28:46,493:INFO:Creating metrics dataframe
2021-12-30 20:28:46,574:INFO:Initializing Decision Tree Classifier
2021-12-30 20:28:46,574:INFO:Total runtime is 0.2699831922849019 minutes
2021-12-30 20:28:46,599:INFO:SubProcess create_model() called ==================================
2021-12-30 20:28:46,600:INFO:Initializing create_model()
2021-12-30 20:28:46,600:INFO:create_model(estimator=dt, fold=StratifiedKFold(n_splits=10, random_state=None, shuffle=False), round=4, cross_validation=True, predict=True, fit_kwargs={}, groups=None, refit=False, verbose=False, system=False, metrics=None, add_to_model_list=True, probability_threshold=None, display=<pycaret.internal.Display.Display object at 0x000001AEDCD18400>, kwargs={})
2021-12-30 20:28:46,601:INFO:Checking exceptions
2021-12-30 20:28:46,601:INFO:Importing libraries
2021-12-30 20:28:46,601:INFO:Copying training dataset
2021-12-30 20:28:46,612:INFO:Defining folds
2021-12-30 20:28:46,613:INFO:Declaring metric variables
2021-12-30 20:28:46,653:INFO:Importing untrained model
2021-12-30 20:28:46,682:INFO:Decision Tree Classifier Imported succesfully
2021-12-30 20:28:46,747:INFO:Starting cross validation
2021-12-30 20:28:46,749:INFO:Cross validating with StratifiedKFold(n_splits=10, random_state=None, shuffle=False), n_jobs=-1
2021-12-30 20:28:46,975:INFO:Calculating mean and std
2021-12-30 20:28:46,977:INFO:Creating metrics dataframe
2021-12-30 20:28:46,992:INFO:Uploading results into container
2021-12-30 20:28:46,992:INFO:Uploading model into container now
2021-12-30 20:28:46,992:INFO:create_model_container: 4
2021-12-30 20:28:46,993:INFO:master_model_container: 4
2021-12-30 20:28:46,993:INFO:display_container: 2
2021-12-30 20:28:46,994:INFO:DecisionTreeClassifier(ccp_alpha=0.0, class_weight=None, criterion='gini',
                       max_depth=None, max_features=None, max_leaf_nodes=None,
                       min_impurity_decrease=0.0, min_impurity_split=None,
                       min_samples_leaf=1, min_samples_split=2,
                       min_weight_fraction_leaf=0.0, presort='deprecated',
                       random_state=123, splitter='best')
2021-12-30 20:28:46,994:INFO:create_model() succesfully completed......................................
2021-12-30 20:28:47,453:INFO:SubProcess create_model() end ==================================
2021-12-30 20:28:47,453:INFO:Creating metrics dataframe
2021-12-30 20:28:47,555:INFO:Initializing SVM - Linear Kernel
2021-12-30 20:28:47,556:INFO:Total runtime is 0.2863265991210937 minutes
2021-12-30 20:28:47,602:INFO:SubProcess create_model() called ==================================
2021-12-30 20:28:47,603:INFO:Initializing create_model()
2021-12-30 20:28:47,603:INFO:create_model(estimator=svm, fold=StratifiedKFold(n_splits=10, random_state=None, shuffle=False), round=4, cross_validation=True, predict=True, fit_kwargs={}, groups=None, refit=False, verbose=False, system=False, metrics=None, add_to_model_list=True, probability_threshold=None, display=<pycaret.internal.Display.Display object at 0x000001AEDCD18400>, kwargs={})
2021-12-30 20:28:47,603:INFO:Checking exceptions
2021-12-30 20:28:47,604:INFO:Importing libraries
2021-12-30 20:28:47,604:INFO:Copying training dataset
2021-12-30 20:28:47,611:INFO:Defining folds
2021-12-30 20:28:47,612:INFO:Declaring metric variables
2021-12-30 20:28:47,671:INFO:Importing untrained model
2021-12-30 20:28:47,698:INFO:SVM - Linear Kernel Imported succesfully
2021-12-30 20:28:47,761:INFO:Starting cross validation
2021-12-30 20:28:47,763:INFO:Cross validating with StratifiedKFold(n_splits=10, random_state=None, shuffle=False), n_jobs=-1
2021-12-30 20:28:47,975:INFO:Calculating mean and std
2021-12-30 20:28:47,978:INFO:Creating metrics dataframe
2021-12-30 20:28:47,995:INFO:Uploading results into container
2021-12-30 20:28:47,995:INFO:Uploading model into container now
2021-12-30 20:28:47,996:INFO:create_model_container: 5
2021-12-30 20:28:47,996:INFO:master_model_container: 5
2021-12-30 20:28:47,996:INFO:display_container: 2
2021-12-30 20:28:47,998:INFO:SGDClassifier(alpha=0.0001, average=False, class_weight=None,
              early_stopping=False, epsilon=0.1, eta0=0.001, fit_intercept=True,
              l1_ratio=0.15, learning_rate='optimal', loss='hinge',
              max_iter=1000, n_iter_no_change=5, n_jobs=-1, penalty='l2',
              power_t=0.5, random_state=123, shuffle=True, tol=0.001,
              validation_fraction=0.1, verbose=0, warm_start=False)
2021-12-30 20:28:47,998:INFO:create_model() succesfully completed......................................
2021-12-30 20:28:48,360:INFO:SubProcess create_model() end ==================================
2021-12-30 20:28:48,360:INFO:Creating metrics dataframe
2021-12-30 20:28:48,393:INFO:Initializing Ridge Classifier
2021-12-30 20:28:48,393:INFO:Total runtime is 0.30029939015706375 minutes
2021-12-30 20:28:48,416:INFO:SubProcess create_model() called ==================================
2021-12-30 20:28:48,421:INFO:Initializing create_model()
2021-12-30 20:28:48,421:INFO:create_model(estimator=ridge, fold=StratifiedKFold(n_splits=10, random_state=None, shuffle=False), round=4, cross_validation=True, predict=True, fit_kwargs={}, groups=None, refit=False, verbose=False, system=False, metrics=None, add_to_model_list=True, probability_threshold=None, display=<pycaret.internal.Display.Display object at 0x000001AEDCD18400>, kwargs={})
2021-12-30 20:28:48,422:INFO:Checking exceptions
2021-12-30 20:28:48,422:INFO:Importing libraries
2021-12-30 20:28:48,423:INFO:Copying training dataset
2021-12-30 20:28:48,426:INFO:Defining folds
2021-12-30 20:28:48,434:INFO:Declaring metric variables
2021-12-30 20:28:48,467:INFO:Importing untrained model
2021-12-30 20:28:48,525:INFO:Ridge Classifier Imported succesfully
2021-12-30 20:28:48,564:INFO:Starting cross validation
2021-12-30 20:28:48,565:INFO:Cross validating with StratifiedKFold(n_splits=10, random_state=None, shuffle=False), n_jobs=-1
2021-12-30 20:28:48,685:INFO:Calculating mean and std
2021-12-30 20:28:48,687:INFO:Creating metrics dataframe
2021-12-30 20:28:48,702:INFO:Uploading results into container
2021-12-30 20:28:48,703:INFO:Uploading model into container now
2021-12-30 20:28:48,703:INFO:create_model_container: 6
2021-12-30 20:28:48,703:INFO:master_model_container: 6
2021-12-30 20:28:48,703:INFO:display_container: 2
2021-12-30 20:28:48,705:INFO:RidgeClassifier(alpha=1.0, class_weight=None, copy_X=True, fit_intercept=True,
                max_iter=None, normalize=False, random_state=123, solver='auto',
                tol=0.001)
2021-12-30 20:28:48,705:INFO:create_model() succesfully completed......................................
2021-12-30 20:28:49,008:INFO:SubProcess create_model() end ==================================
2021-12-30 20:28:49,008:INFO:Creating metrics dataframe
2021-12-30 20:28:49,036:INFO:Initializing Random Forest Classifier
2021-12-30 20:28:49,036:INFO:Total runtime is 0.3110161900520324 minutes
2021-12-30 20:28:49,076:INFO:SubProcess create_model() called ==================================
2021-12-30 20:28:49,077:INFO:Initializing create_model()
2021-12-30 20:28:49,077:INFO:create_model(estimator=rf, fold=StratifiedKFold(n_splits=10, random_state=None, shuffle=False), round=4, cross_validation=True, predict=True, fit_kwargs={}, groups=None, refit=False, verbose=False, system=False, metrics=None, add_to_model_list=True, probability_threshold=None, display=<pycaret.internal.Display.Display object at 0x000001AEDCD18400>, kwargs={})
2021-12-30 20:28:49,078:INFO:Checking exceptions
2021-12-30 20:28:49,078:INFO:Importing libraries
2021-12-30 20:28:49,078:INFO:Copying training dataset
2021-12-30 20:28:49,081:INFO:Defining folds
2021-12-30 20:28:49,082:INFO:Declaring metric variables
2021-12-30 20:28:49,126:INFO:Importing untrained model
2021-12-30 20:28:49,180:INFO:Random Forest Classifier Imported succesfully
2021-12-30 20:28:49,248:INFO:Starting cross validation
2021-12-30 20:28:49,249:INFO:Cross validating with StratifiedKFold(n_splits=10, random_state=None, shuffle=False), n_jobs=-1
2021-12-30 20:28:52,046:INFO:Calculating mean and std
2021-12-30 20:28:52,047:INFO:Creating metrics dataframe
2021-12-30 20:28:52,052:INFO:Uploading results into container
2021-12-30 20:28:52,053:INFO:Uploading model into container now
2021-12-30 20:28:52,053:INFO:create_model_container: 7
2021-12-30 20:28:52,054:INFO:master_model_container: 7
2021-12-30 20:28:52,054:INFO:display_container: 2
2021-12-30 20:28:52,055:INFO:RandomForestClassifier(bootstrap=True, ccp_alpha=0.0, class_weight=None,
                       criterion='gini', max_depth=None, max_features='auto',
                       max_leaf_nodes=None, max_samples=None,
                       min_impurity_decrease=0.0, min_impurity_split=None,
                       min_samples_leaf=1, min_samples_split=2,
                       min_weight_fraction_leaf=0.0, n_estimators=100,
                       n_jobs=-1, oob_score=False, random_state=123, verbose=0,
                       warm_start=False)
2021-12-30 20:28:52,055:INFO:create_model() succesfully completed......................................
2021-12-30 20:28:52,368:INFO:SubProcess create_model() end ==================================
2021-12-30 20:28:52,368:INFO:Creating metrics dataframe
2021-12-30 20:28:52,400:INFO:Initializing Quadratic Discriminant Analysis
2021-12-30 20:28:52,400:INFO:Total runtime is 0.3670811891555785 minutes
2021-12-30 20:28:52,423:INFO:SubProcess create_model() called ==================================
2021-12-30 20:28:52,423:INFO:Initializing create_model()
2021-12-30 20:28:52,424:INFO:create_model(estimator=qda, fold=StratifiedKFold(n_splits=10, random_state=None, shuffle=False), round=4, cross_validation=True, predict=True, fit_kwargs={}, groups=None, refit=False, verbose=False, system=False, metrics=None, add_to_model_list=True, probability_threshold=None, display=<pycaret.internal.Display.Display object at 0x000001AEDCD18400>, kwargs={})
2021-12-30 20:28:52,424:INFO:Checking exceptions
2021-12-30 20:28:52,424:INFO:Importing libraries
2021-12-30 20:28:52,424:INFO:Copying training dataset
2021-12-30 20:28:52,426:INFO:Defining folds
2021-12-30 20:28:52,426:INFO:Declaring metric variables
2021-12-30 20:28:52,461:INFO:Importing untrained model
2021-12-30 20:28:52,511:INFO:Quadratic Discriminant Analysis Imported succesfully
2021-12-30 20:28:52,589:INFO:Starting cross validation
2021-12-30 20:28:52,590:INFO:Cross validating with StratifiedKFold(n_splits=10, random_state=None, shuffle=False), n_jobs=-1
2021-12-30 20:28:52,806:INFO:Calculating mean and std
2021-12-30 20:28:52,808:INFO:Creating metrics dataframe
2021-12-30 20:28:52,818:INFO:Uploading results into container
2021-12-30 20:28:52,818:INFO:Uploading model into container now
2021-12-30 20:28:52,818:INFO:create_model_container: 8
2021-12-30 20:28:52,818:INFO:master_model_container: 8
2021-12-30 20:28:52,818:INFO:display_container: 2
2021-12-30 20:28:52,819:INFO:QuadraticDiscriminantAnalysis(priors=None, reg_param=0.0,
                              store_covariance=False, tol=0.0001)
2021-12-30 20:28:52,820:INFO:create_model() succesfully completed......................................
2021-12-30 20:28:53,229:INFO:SubProcess create_model() end ==================================
2021-12-30 20:28:53,230:INFO:Creating metrics dataframe
2021-12-30 20:28:53,271:INFO:Initializing Ada Boost Classifier
2021-12-30 20:28:53,272:INFO:Total runtime is 0.3816044052441914 minutes
2021-12-30 20:28:53,312:INFO:SubProcess create_model() called ==================================
2021-12-30 20:28:53,313:INFO:Initializing create_model()
2021-12-30 20:28:53,313:INFO:create_model(estimator=ada, fold=StratifiedKFold(n_splits=10, random_state=None, shuffle=False), round=4, cross_validation=True, predict=True, fit_kwargs={}, groups=None, refit=False, verbose=False, system=False, metrics=None, add_to_model_list=True, probability_threshold=None, display=<pycaret.internal.Display.Display object at 0x000001AEDCD18400>, kwargs={})
2021-12-30 20:28:53,313:INFO:Checking exceptions
2021-12-30 20:28:53,313:INFO:Importing libraries
2021-12-30 20:28:53,314:INFO:Copying training dataset
2021-12-30 20:28:53,317:INFO:Defining folds
2021-12-30 20:28:53,317:INFO:Declaring metric variables
2021-12-30 20:28:53,363:INFO:Importing untrained model
2021-12-30 20:28:53,388:INFO:Ada Boost Classifier Imported succesfully
2021-12-30 20:28:53,434:INFO:Starting cross validation
2021-12-30 20:28:53,435:INFO:Cross validating with StratifiedKFold(n_splits=10, random_state=None, shuffle=False), n_jobs=-1
2021-12-30 20:28:54,561:INFO:Calculating mean and std
2021-12-30 20:28:54,562:INFO:Creating metrics dataframe
2021-12-30 20:28:54,567:INFO:Uploading results into container
2021-12-30 20:28:54,568:INFO:Uploading model into container now
2021-12-30 20:28:54,568:INFO:create_model_container: 9
2021-12-30 20:28:54,570:INFO:master_model_container: 9
2021-12-30 20:28:54,570:INFO:display_container: 2
2021-12-30 20:28:54,571:INFO:AdaBoostClassifier(algorithm='SAMME.R', base_estimator=None, learning_rate=1.0,
                   n_estimators=50, random_state=123)
2021-12-30 20:28:54,571:INFO:create_model() succesfully completed......................................
2021-12-30 20:28:54,870:INFO:SubProcess create_model() end ==================================
2021-12-30 20:28:54,870:INFO:Creating metrics dataframe
2021-12-30 20:28:54,900:INFO:Initializing Gradient Boosting Classifier
2021-12-30 20:28:54,900:INFO:Total runtime is 0.40873887936274206 minutes
2021-12-30 20:28:54,917:INFO:SubProcess create_model() called ==================================
2021-12-30 20:28:54,918:INFO:Initializing create_model()
2021-12-30 20:28:54,920:INFO:create_model(estimator=gbc, fold=StratifiedKFold(n_splits=10, random_state=None, shuffle=False), round=4, cross_validation=True, predict=True, fit_kwargs={}, groups=None, refit=False, verbose=False, system=False, metrics=None, add_to_model_list=True, probability_threshold=None, display=<pycaret.internal.Display.Display object at 0x000001AEDCD18400>, kwargs={})
2021-12-30 20:28:54,921:INFO:Checking exceptions
2021-12-30 20:28:54,921:INFO:Importing libraries
2021-12-30 20:28:54,921:INFO:Copying training dataset
2021-12-30 20:28:54,924:INFO:Defining folds
2021-12-30 20:28:54,924:INFO:Declaring metric variables
2021-12-30 20:28:54,955:INFO:Importing untrained model
2021-12-30 20:28:54,978:INFO:Gradient Boosting Classifier Imported succesfully
2021-12-30 20:28:55,023:INFO:Starting cross validation
2021-12-30 20:28:55,025:INFO:Cross validating with StratifiedKFold(n_splits=10, random_state=None, shuffle=False), n_jobs=-1
2021-12-30 20:28:55,906:INFO:Calculating mean and std
2021-12-30 20:28:55,908:INFO:Creating metrics dataframe
2021-12-30 20:28:55,913:INFO:Uploading results into container
2021-12-30 20:28:55,913:INFO:Uploading model into container now
2021-12-30 20:28:55,913:INFO:create_model_container: 10
2021-12-30 20:28:55,914:INFO:master_model_container: 10
2021-12-30 20:28:55,914:INFO:display_container: 2
2021-12-30 20:28:55,915:INFO:GradientBoostingClassifier(ccp_alpha=0.0, criterion='friedman_mse', init=None,
                           learning_rate=0.1, loss='deviance', max_depth=3,
                           max_features=None, max_leaf_nodes=None,
                           min_impurity_decrease=0.0, min_impurity_split=None,
                           min_samples_leaf=1, min_samples_split=2,
                           min_weight_fraction_leaf=0.0, n_estimators=100,
                           n_iter_no_change=None, presort='deprecated',
                           random_state=123, subsample=1.0, tol=0.0001,
                           validation_fraction=0.1, verbose=0,
                           warm_start=False)
2021-12-30 20:28:55,915:INFO:create_model() succesfully completed......................................
2021-12-30 20:28:56,198:INFO:SubProcess create_model() end ==================================
2021-12-30 20:28:56,198:INFO:Creating metrics dataframe
2021-12-30 20:28:56,248:INFO:Initializing Linear Discriminant Analysis
2021-12-30 20:28:56,248:INFO:Total runtime is 0.431207791964213 minutes
2021-12-30 20:28:56,273:INFO:SubProcess create_model() called ==================================
2021-12-30 20:28:56,274:INFO:Initializing create_model()
2021-12-30 20:28:56,274:INFO:create_model(estimator=lda, fold=StratifiedKFold(n_splits=10, random_state=None, shuffle=False), round=4, cross_validation=True, predict=True, fit_kwargs={}, groups=None, refit=False, verbose=False, system=False, metrics=None, add_to_model_list=True, probability_threshold=None, display=<pycaret.internal.Display.Display object at 0x000001AEDCD18400>, kwargs={})
2021-12-30 20:28:56,275:INFO:Checking exceptions
2021-12-30 20:28:56,275:INFO:Importing libraries
2021-12-30 20:28:56,276:INFO:Copying training dataset
2021-12-30 20:28:56,278:INFO:Defining folds
2021-12-30 20:28:56,281:INFO:Declaring metric variables
2021-12-30 20:28:56,314:INFO:Importing untrained model
2021-12-30 20:28:56,338:INFO:Linear Discriminant Analysis Imported succesfully
2021-12-30 20:28:56,381:INFO:Starting cross validation
2021-12-30 20:28:56,382:INFO:Cross validating with StratifiedKFold(n_splits=10, random_state=None, shuffle=False), n_jobs=-1
2021-12-30 20:28:56,522:INFO:Calculating mean and std
2021-12-30 20:28:56,524:INFO:Creating metrics dataframe
2021-12-30 20:28:56,537:INFO:Uploading results into container
2021-12-30 20:28:56,538:INFO:Uploading model into container now
2021-12-30 20:28:56,538:INFO:create_model_container: 11
2021-12-30 20:28:56,538:INFO:master_model_container: 11
2021-12-30 20:28:56,538:INFO:display_container: 2
2021-12-30 20:28:56,539:INFO:LinearDiscriminantAnalysis(n_components=None, priors=None, shrinkage=None,
                           solver='svd', store_covariance=False, tol=0.0001)
2021-12-30 20:28:56,539:INFO:create_model() succesfully completed......................................
2021-12-30 20:28:56,843:INFO:SubProcess create_model() end ==================================
2021-12-30 20:28:56,843:INFO:Creating metrics dataframe
2021-12-30 20:28:56,875:INFO:Initializing Extra Trees Classifier
2021-12-30 20:28:56,875:INFO:Total runtime is 0.4416573007901509 minutes
2021-12-30 20:28:56,896:INFO:SubProcess create_model() called ==================================
2021-12-30 20:28:56,897:INFO:Initializing create_model()
2021-12-30 20:28:56,897:INFO:create_model(estimator=et, fold=StratifiedKFold(n_splits=10, random_state=None, shuffle=False), round=4, cross_validation=True, predict=True, fit_kwargs={}, groups=None, refit=False, verbose=False, system=False, metrics=None, add_to_model_list=True, probability_threshold=None, display=<pycaret.internal.Display.Display object at 0x000001AEDCD18400>, kwargs={})
2021-12-30 20:28:56,897:INFO:Checking exceptions
2021-12-30 20:28:56,898:INFO:Importing libraries
2021-12-30 20:28:56,898:INFO:Copying training dataset
2021-12-30 20:28:56,903:INFO:Defining folds
2021-12-30 20:28:56,905:INFO:Declaring metric variables
2021-12-30 20:28:56,941:INFO:Importing untrained model
2021-12-30 20:28:56,973:INFO:Extra Trees Classifier Imported succesfully
2021-12-30 20:28:57,046:INFO:Starting cross validation
2021-12-30 20:28:57,047:INFO:Cross validating with StratifiedKFold(n_splits=10, random_state=None, shuffle=False), n_jobs=-1
2021-12-30 20:28:59,590:INFO:Calculating mean and std
2021-12-30 20:28:59,592:INFO:Creating metrics dataframe
2021-12-30 20:28:59,605:INFO:Uploading results into container
2021-12-30 20:28:59,605:INFO:Uploading model into container now
2021-12-30 20:28:59,605:INFO:create_model_container: 12
2021-12-30 20:28:59,606:INFO:master_model_container: 12
2021-12-30 20:28:59,606:INFO:display_container: 2
2021-12-30 20:28:59,607:INFO:ExtraTreesClassifier(bootstrap=False, ccp_alpha=0.0, class_weight=None,
                     criterion='gini', max_depth=None, max_features='auto',
                     max_leaf_nodes=None, max_samples=None,
                     min_impurity_decrease=0.0, min_impurity_split=None,
                     min_samples_leaf=1, min_samples_split=2,
                     min_weight_fraction_leaf=0.0, n_estimators=100, n_jobs=-1,
                     oob_score=False, random_state=123, verbose=0,
                     warm_start=False)
2021-12-30 20:28:59,607:INFO:create_model() succesfully completed......................................
2021-12-30 20:28:59,959:INFO:SubProcess create_model() end ==================================
2021-12-30 20:28:59,959:INFO:Creating metrics dataframe
2021-12-30 20:28:59,992:INFO:Initializing Light Gradient Boosting Machine
2021-12-30 20:28:59,992:INFO:Total runtime is 0.4936014572779337 minutes
2021-12-30 20:29:00,015:INFO:SubProcess create_model() called ==================================
2021-12-30 20:29:00,016:INFO:Initializing create_model()
2021-12-30 20:29:00,016:INFO:create_model(estimator=lightgbm, fold=StratifiedKFold(n_splits=10, random_state=None, shuffle=False), round=4, cross_validation=True, predict=True, fit_kwargs={}, groups=None, refit=False, verbose=False, system=False, metrics=None, add_to_model_list=True, probability_threshold=None, display=<pycaret.internal.Display.Display object at 0x000001AEDCD18400>, kwargs={})
2021-12-30 20:29:00,016:INFO:Checking exceptions
2021-12-30 20:29:00,016:INFO:Importing libraries
2021-12-30 20:29:00,017:INFO:Copying training dataset
2021-12-30 20:29:00,022:INFO:Defining folds
2021-12-30 20:29:00,025:INFO:Declaring metric variables
2021-12-30 20:29:00,068:INFO:Importing untrained model
2021-12-30 20:29:00,093:INFO:Light Gradient Boosting Machine Imported succesfully
2021-12-30 20:29:00,155:INFO:Starting cross validation
2021-12-30 20:29:00,157:INFO:Cross validating with StratifiedKFold(n_splits=10, random_state=None, shuffle=False), n_jobs=-1
2021-12-30 20:29:04,288:INFO:Calculating mean and std
2021-12-30 20:29:04,291:INFO:Creating metrics dataframe
2021-12-30 20:29:04,295:INFO:Uploading results into container
2021-12-30 20:29:04,296:INFO:Uploading model into container now
2021-12-30 20:29:04,296:INFO:create_model_container: 13
2021-12-30 20:29:04,296:INFO:master_model_container: 13
2021-12-30 20:29:04,297:INFO:display_container: 2
2021-12-30 20:29:04,298:INFO:LGBMClassifier(boosting_type='gbdt', class_weight=None, colsample_bytree=1.0,
               importance_type='split', learning_rate=0.1, max_depth=-1,
               min_child_samples=20, min_child_weight=0.001, min_split_gain=0.0,
               n_estimators=100, n_jobs=-1, num_leaves=31, objective=None,
               random_state=123, reg_alpha=0.0, reg_lambda=0.0, silent='warn',
               subsample=1.0, subsample_for_bin=200000, subsample_freq=0)
2021-12-30 20:29:04,300:INFO:create_model() succesfully completed......................................
2021-12-30 20:29:04,667:INFO:SubProcess create_model() end ==================================
2021-12-30 20:29:04,668:INFO:Creating metrics dataframe
2021-12-30 20:29:04,715:INFO:Initializing Dummy Classifier
2021-12-30 20:29:04,716:INFO:Total runtime is 0.5723464846611023 minutes
2021-12-30 20:29:04,740:INFO:SubProcess create_model() called ==================================
2021-12-30 20:29:04,741:INFO:Initializing create_model()
2021-12-30 20:29:04,741:INFO:create_model(estimator=dummy, fold=StratifiedKFold(n_splits=10, random_state=None, shuffle=False), round=4, cross_validation=True, predict=True, fit_kwargs={}, groups=None, refit=False, verbose=False, system=False, metrics=None, add_to_model_list=True, probability_threshold=None, display=<pycaret.internal.Display.Display object at 0x000001AEDCD18400>, kwargs={})
2021-12-30 20:29:04,742:INFO:Checking exceptions
2021-12-30 20:29:04,742:INFO:Importing libraries
2021-12-30 20:29:04,742:INFO:Copying training dataset
2021-12-30 20:29:04,745:INFO:Defining folds
2021-12-30 20:29:04,745:INFO:Declaring metric variables
2021-12-30 20:29:04,779:INFO:Importing untrained model
2021-12-30 20:29:04,804:INFO:Dummy Classifier Imported succesfully
2021-12-30 20:29:04,856:INFO:Starting cross validation
2021-12-30 20:29:04,857:INFO:Cross validating with StratifiedKFold(n_splits=10, random_state=None, shuffle=False), n_jobs=-1
2021-12-30 20:29:05,058:INFO:Calculating mean and std
2021-12-30 20:29:05,060:INFO:Creating metrics dataframe
2021-12-30 20:29:05,074:INFO:Uploading results into container
2021-12-30 20:29:05,074:INFO:Uploading model into container now
2021-12-30 20:29:05,075:INFO:create_model_container: 14
2021-12-30 20:29:05,075:INFO:master_model_container: 14
2021-12-30 20:29:05,075:INFO:display_container: 2
2021-12-30 20:29:05,076:INFO:DummyClassifier(constant=None, random_state=123, strategy='prior')
2021-12-30 20:29:05,076:INFO:create_model() succesfully completed......................................
2021-12-30 20:29:05,423:INFO:SubProcess create_model() end ==================================
2021-12-30 20:29:05,424:INFO:Creating metrics dataframe
2021-12-30 20:29:05,542:INFO:Initializing create_model()
2021-12-30 20:29:05,542:INFO:create_model(estimator=RidgeClassifier(alpha=1.0, class_weight=None, copy_X=True, fit_intercept=True,
                max_iter=None, normalize=False, random_state=123, solver='auto',
                tol=0.001), fold=StratifiedKFold(n_splits=10, random_state=None, shuffle=False), round=4, cross_validation=False, predict=False, fit_kwargs={}, groups=None, refit=True, verbose=False, system=False, metrics=None, add_to_model_list=True, probability_threshold=None, display=None, kwargs={})
2021-12-30 20:29:05,543:INFO:Checking exceptions
2021-12-30 20:29:05,543:INFO:Importing libraries
2021-12-30 20:29:05,544:INFO:Copying training dataset
2021-12-30 20:29:05,544:INFO:Defining folds
2021-12-30 20:29:05,544:INFO:Declaring metric variables
2021-12-30 20:29:05,545:INFO:Importing untrained model
2021-12-30 20:29:05,545:INFO:Declaring custom model
2021-12-30 20:29:05,549:INFO:Ridge Classifier Imported succesfully
2021-12-30 20:29:05,551:INFO:Cross validation set to False
2021-12-30 20:29:05,551:INFO:Fitting Model
2021-12-30 20:29:05,572:INFO:RidgeClassifier(alpha=1.0, class_weight=None, copy_X=True, fit_intercept=True,
                max_iter=None, normalize=False, random_state=123, solver='auto',
                tol=0.001)
2021-12-30 20:29:05,572:INFO:create_models() succesfully completed......................................
2021-12-30 20:29:06,028:INFO:create_model_container: 14
2021-12-30 20:29:06,028:INFO:master_model_container: 14
2021-12-30 20:29:06,029:INFO:display_container: 2
2021-12-30 20:29:06,030:INFO:RidgeClassifier(alpha=1.0, class_weight=None, copy_X=True, fit_intercept=True,
                max_iter=None, normalize=False, random_state=123, solver='auto',
                tol=0.001)
2021-12-30 20:29:06,030:INFO:compare_models() succesfully completed......................................
